#
# There is insufficient memory for the Java Runtime Environment to continue.
# Native memory allocation (malloc) failed to allocate 244976 bytes. Error detail: Chunk::new
# Possible reasons:
#   The system is out of physical RAM or swap space
#   This process is running with CompressedOops enabled, and the Java Heap may be blocking the growth of the native heap
# Possible solutions:
#   Reduce memory load on the system
#   Increase physical memory or swap space
#   Check if swap backing store is full
#   Decrease Java heap size (-Xmx/-Xms)
#   Decrease number of Java threads
#   Decrease Java thread stack sizes (-Xss)
#   Set larger code cache with -XX:ReservedCodeCacheSize=
#   JVM is running with Unscaled Compressed Oops mode in which the Java heap is
#     placed in the first 4GB address space. The Java Heap base address is the
#     maximum limit for the native heap growth. Please use -XX:HeapBaseMinAddress
#     to set the Java Heap base and to place the Java Heap above 4GB virtual address.
# This output file may be truncated or incomplete.
#
#  Out of Memory Error (arena.cpp:191), pid=22116, tid=28668
#
# JRE version: OpenJDK Runtime Environment Temurin-17.0.12+7 (17.0.12+7) (build 17.0.12+7)
# Java VM: OpenJDK 64-Bit Server VM Temurin-17.0.12+7 (17.0.12+7, mixed mode, tiered, compressed oops, compressed class ptrs, parallel gc, windows-amd64)
# No core dump will be written. Minidumps are not enabled by default on client versions of Windows
#

---------------  S U M M A R Y ------------

Command Line: --add-modules=ALL-SYSTEM --add-opens=java.base/java.util=ALL-UNNAMED --add-opens=java.base/java.lang=ALL-UNNAMED --add-opens=java.base/sun.nio.fs=ALL-UNNAMED -Declipse.application=org.eclipse.jdt.ls.core.id1 -Dosgi.bundles.defaultStartLevel=4 -Declipse.product=org.eclipse.jdt.ls.core.product -Djava.import.generatesMetadataFilesAtProjectRoot=false -DDetectVMInstallationsJob.disabled=true -Dfile.encoding=utf8 -XX:+UseParallelGC -XX:GCTimeRatio=4 -XX:AdaptiveSizePolicyWeight=90 -Dsun.zip.disableMemoryMapping=true -Xmx1G -Xms100m -Xlog:disable -javaagent:c:\Users\Ruan\.vscode\extensions\redhat.java-1.35.1-win32-x64\lombok\lombok-1.18.33.jar -XX:+HeapDumpOnOutOfMemoryError -XX:HeapDumpPath=c:\Users\Ruan\AppData\Roaming\Code\User\workspaceStorage\ac59a2a6054e270194aa41253e676aeb\redhat.java -Daether.dependencyCollector.impl=bf c:\Users\Ruan\.vscode\extensions\redhat.java-1.35.1-win32-x64\server\plugins\org.eclipse.equinox.launcher_1.6.900.v20240613-2009.jar -configuration c:\Users\Ruan\AppData\Roaming\Code\User\globalStorage\redhat.java\1.35.1\config_win -data c:\Users\Ruan\AppData\Roaming\Code\User\workspaceStorage\ac59a2a6054e270194aa41253e676aeb\redhat.java\jdt_ws --pipe=\\.\pipe\lsp-3824fdd7cd4ea13ecd705f6406f0d220-sock

Host: AMD Ryzen 5 5600G with Radeon Graphics         , 12 cores, 19G,  Windows 10 , 64 bit Build 19041 (10.0.19041.4957)
Time: Fri Oct 18 23:11:52 2024 Hora oficial do Brasil elapsed time: 0.528767 seconds (0d 0h 0m 0s)

---------------  T H R E A D  ---------------

Current thread (0x000001bead45fa20):  JavaThread "C2 CompilerThread1" daemon [_thread_in_native, id=28668, stack(0x0000004183f00000,0x0000004184000000)]


Current CompileTask:
C2:    528  603       4       lombok.patcher.scripts.MethodLevelPatchScript::patch (21 bytes)

Stack: [0x0000004183f00000,0x0000004184000000]
Native frames: (J=compiled Java code, j=interpreted, Vv=VM code, C=native code)
V  [jvm.dll+0x67f929]
V  [jvm.dll+0x8371ba]
V  [jvm.dll+0x838c7e]
V  [jvm.dll+0x8392e3]
V  [jvm.dll+0x24834f]
V  [jvm.dll+0xac9d4]
V  [jvm.dll+0xad01c]
V  [jvm.dll+0x2af96f]
V  [jvm.dll+0x5868d7]
V  [jvm.dll+0x2231c2]
V  [jvm.dll+0x2235bf]
V  [jvm.dll+0x21c6e0]
V  [jvm.dll+0x219be1]
V  [jvm.dll+0x1a58bd]
V  [jvm.dll+0x229a2d]
V  [jvm.dll+0x227bdc]
V  [jvm.dll+0x7ec1f7]
V  [jvm.dll+0x7e65dc]
V  [jvm.dll+0x67e7f7]
C  [ucrtbase.dll+0x21bb2]
C  [KERNEL32.DLL+0x17374]
C  [ntdll.dll+0x4cc91]


---------------  P R O C E S S  ---------------

Threads class SMR info:
_java_thread_list=0x000001bead853e10, length=14, elements={
0x000001be92bbfa30, 0x000001bea6a5c310, 0x000001bea6a5dbb0, 0x000001be92c781b0,
0x000001be92c78f40, 0x000001be92c7a560, 0x000001be92c7df40, 0x000001beabd58010,
0x000001beabd66940, 0x000001beabd719f0, 0x000001beabea9030, 0x000001beac058460,
0x000001bead45fa20, 0x000001bead4773a0
}

Java Threads: ( => current thread )
  0x000001be92bbfa30 JavaThread "main" [_thread_in_vm, id=28716, stack(0x0000004183000000,0x0000004183100000)]
  0x000001bea6a5c310 JavaThread "Reference Handler" daemon [_thread_blocked, id=3020, stack(0x0000004183300000,0x0000004183400000)]
  0x000001bea6a5dbb0 JavaThread "Finalizer" daemon [_thread_blocked, id=22172, stack(0x0000004183400000,0x0000004183500000)]
  0x000001be92c781b0 JavaThread "Signal Dispatcher" daemon [_thread_blocked, id=33380, stack(0x0000004183500000,0x0000004183600000)]
  0x000001be92c78f40 JavaThread "Attach Listener" daemon [_thread_blocked, id=31724, stack(0x0000004183600000,0x0000004183700000)]
  0x000001be92c7a560 JavaThread "Service Thread" daemon [_thread_blocked, id=24104, stack(0x0000004183700000,0x0000004183800000)]
  0x000001be92c7df40 JavaThread "Monitor Deflation Thread" daemon [_thread_blocked, id=27872, stack(0x0000004183800000,0x0000004183900000)]
  0x000001beabd58010 JavaThread "C2 CompilerThread0" daemon [_thread_in_native, id=33444, stack(0x0000004183900000,0x0000004183a00000)]
  0x000001beabd66940 JavaThread "C1 CompilerThread0" daemon [_thread_in_native, id=16824, stack(0x0000004183a00000,0x0000004183b00000)]
  0x000001beabd719f0 JavaThread "Sweeper thread" daemon [_thread_blocked, id=7848, stack(0x0000004183b00000,0x0000004183c00000)]
  0x000001beabea9030 JavaThread "Common-Cleaner" daemon [_thread_blocked, id=33260, stack(0x0000004183c00000,0x0000004183d00000)]
  0x000001beac058460 JavaThread "Notification Thread" daemon [_thread_blocked, id=36468, stack(0x0000004183d00000,0x0000004183e00000)]
=>0x000001bead45fa20 JavaThread "C2 CompilerThread1" daemon [_thread_in_native, id=28668, stack(0x0000004183f00000,0x0000004184000000)]
  0x000001bead4773a0 JavaThread "C2 CompilerThread2" daemon [_thread_in_native, id=10624, stack(0x0000004184000000,0x0000004184100000)]

Other Threads:
  0x000001be92c4a8e0 VMThread "VM Thread" [stack: 0x0000004183200000,0x0000004183300000] [id=11920]
  0x000001beac058940 WatcherThread [stack: 0x0000004183e00000,0x0000004183f00000] [id=18520]
  0x000001be92bd6620 GCTaskThread "GC Thread#0" [stack: 0x0000004183100000,0x0000004183200000] [id=20492]

Threads with active compile tasks:
C2 CompilerThread0      542  601       4       lombok.patcher.PatchScript::classMatches (41 bytes)
C2 CompilerThread1      542  603       4       lombok.patcher.scripts.MethodLevelPatchScript::patch (21 bytes)
C2 CompilerThread2      542  619       4       lombok.patcher.MethodTarget::typeMatches (14 bytes)

VM state: not at safepoint (normal execution)

VM Mutex/Monitor currently owned by a thread: None

Heap address: 0x00000000c0000000, size: 1024 MB, Compressed Oops mode: 32-bit

CDS archive(s) not mapped
Compressed class space mapped at: 0x0000000100000000-0x0000000140000000, reserved size: 1073741824
Narrow klass base: 0x0000000000000000, Narrow klass shift: 3, Narrow klass range: 0x140000000

GC Precious Log:
 CPUs: 12 total, 12 available
 Memory: 20347M
 Large Page Support: Disabled
 NUMA Support: Disabled
 Compressed Oops: Enabled (32-bit)
 Alignments: Space 512K, Generation 512K, Heap 2M
 Heap Min Capacity: 100M
 Heap Initial Capacity: 100M
 Heap Max Capacity: 1G
 Pre-touch: Disabled
 Parallel Workers: 10

Heap:
 PSYoungGen      total 29696K, used 14726K [0x00000000eab00000, 0x00000000ecc00000, 0x0000000100000000)
  eden space 25600K, 57% used [0x00000000eab00000,0x00000000eb961930,0x00000000ec400000)
  from space 4096K, 0% used [0x00000000ec800000,0x00000000ec800000,0x00000000ecc00000)
  to   space 4096K, 0% used [0x00000000ec400000,0x00000000ec400000,0x00000000ec800000)
 ParOldGen       total 68608K, used 0K [0x00000000c0000000, 0x00000000c4300000, 0x00000000eab00000)
  object space 68608K, 0% used [0x00000000c0000000,0x00000000c0000000,0x00000000c4300000)
 Metaspace       used 9150K, committed 9280K, reserved 1114112K
  class space    used 906K, committed 960K, reserved 1048576K

Card table byte_map: [0x000001be92560000,0x000001be92770000] _byte_map_base: 0x000001be91f60000

Marking Bits: (ParMarkBitMap*) 0x00007ffbd46658b0
 Begin Bits: [0x000001bea4860000, 0x000001bea5860000)
 End Bits:   [0x000001bea5860000, 0x000001bea6860000)

Polling page: 0x000001be90b40000

Metaspace:

Usage:
  Non-class:      8.05 MB used.
      Class:    906.97 KB used.
       Both:      8.94 MB used.

Virtual space:
  Non-class space:       64.00 MB reserved,       8.12 MB ( 13%) committed,  1 nodes.
      Class space:        1.00 GB reserved,     960.00 KB ( <1%) committed,  1 nodes.
             Both:        1.06 GB reserved,       9.06 MB ( <1%) committed. 

Chunk freelists:
   Non-Class:  7.00 MB
       Class:  15.08 MB
        Both:  22.08 MB

MaxMetaspaceSize: unlimited
CompressedClassSpaceSize: 1.00 GB
Initial GC threshold: 21.00 MB
Current GC threshold: 21.00 MB
CDS: off
MetaspaceReclaimPolicy: balanced
 - commit_granule_bytes: 65536.
 - commit_granule_words: 8192.
 - virtual_space_node_default_size: 8388608.
 - enlarge_chunks_in_place: 1.
 - new_chunks_are_fully_committed: 0.
 - uncommit_free_chunks: 1.
 - use_allocation_guard: 0.
 - handle_deallocations: 1.


Internal statistics:

num_allocs_failed_limit: 0.
num_arena_births: 10.
num_arena_deaths: 0.
num_vsnodes_births: 2.
num_vsnodes_deaths: 0.
num_space_committed: 145.
num_space_uncommitted: 0.
num_chunks_returned_to_freelist: 0.
num_chunks_taken_from_freelist: 52.
num_chunk_merges: 0.
num_chunk_splits: 28.
num_chunks_enlarged: 23.
num_inconsistent_stats: 0.

CodeHeap 'non-profiled nmethods': size=120000Kb used=243Kb max_used=243Kb free=119756Kb
 bounds [0x000001be9d330000, 0x000001be9d5a0000, 0x000001bea4860000]
CodeHeap 'profiled nmethods': size=120000Kb used=985Kb max_used=985Kb free=119014Kb
 bounds [0x000001be95860000, 0x000001be95ad0000, 0x000001be9cd90000]
CodeHeap 'non-nmethods': size=5760Kb used=1133Kb max_used=1150Kb free=4626Kb
 bounds [0x000001be9cd90000, 0x000001be9d000000, 0x000001be9d330000]
 total_blobs=1061 nmethods=639 adapters=337
 compilation: enabled
              stopped_count=0, restarted_count=0
 full_count=0

Compilation events (20 events):
Event: 0.515 Thread 0x000001bead45fa20  603       4       lombok.patcher.scripts.MethodLevelPatchScript::patch (21 bytes)
Event: 0.517 Thread 0x000001bead4773a0  602       4       java.util.HashSet::iterator (13 bytes)
Event: 0.517 Thread 0x000001beabd66940 nmethod 609 0x000001be95936c90 code [0x000001be95937760, 0x000001be9593ddb8]
Event: 0.517 Thread 0x000001beabd66940  610       3       sun.security.provider.SHA2::implCompress (13 bytes)
Event: 0.518 Thread 0x000001beabd66940 nmethod 610 0x000001be9593fb10 code [0x000001be9593fd00, 0x000001be95940148]
Event: 0.518 Thread 0x000001beabd66940  611       3       sun.security.provider.SHA2::implCompressCheck (27 bytes)
Event: 0.518 Thread 0x000001beabd66940 nmethod 611 0x000001be95940310 code [0x000001be959404e0, 0x000001be95940898]
Event: 0.518 Thread 0x000001beabd66940  616       3       java.lang.StringConcatHelper::newArray (40 bytes)
Event: 0.518 Thread 0x000001beabd66940 nmethod 616 0x000001be95940a10 code [0x000001be95940be0, 0x000001be95940f18]
Event: 0.521 Thread 0x000001beabd66940  617       3       java.lang.ClassLoader::findLoadedClass (15 bytes)
Event: 0.522 Thread 0x000001beabd66940 nmethod 617 0x000001be95941010 code [0x000001be959411c0, 0x000001be959413b8]
Event: 0.524 Thread 0x000001beabd66940  620       1       java.lang.Module::getDescriptor (5 bytes)
Event: 0.524 Thread 0x000001beabd66940 nmethod 620 0x000001be9d369390 code [0x000001be9d369520, 0x000001be9d3695f8]
Event: 0.525 Thread 0x000001bead4773a0 nmethod 602 0x000001be9d369690 code [0x000001be9d369840, 0x000001be9d369d98]
Event: 0.525 Thread 0x000001bead4773a0  615 %     4       sun.security.provider.SHA2::implCompress0 @ 220 (490 bytes)
Event: 0.526 Thread 0x000001beabd66940  621       3       java.lang.ref.SoftReference::get (29 bytes)
Event: 0.526 Thread 0x000001beabd66940 nmethod 621 0x000001be95941490 code [0x000001be95941620, 0x000001be959417d8]
Event: 0.526 Thread 0x000001beabd66940  622       1       java.util.Collections$EmptyIterator::hasNext (2 bytes)
Event: 0.526 Thread 0x000001beabd66940 nmethod 622 0x000001be9d36a110 code [0x000001be9d36a2a0, 0x000001be9d36a378]
Event: 0.527 Thread 0x000001beabd66940  623 %     3       java.util.Properties$LineReader::readLine @ 53 (584 bytes)

GC Heap History (0 events):
No events

Dll operation events (8 events):
Event: 0.007 Loaded shared library c:\Users\Ruan\.vscode\extensions\redhat.java-1.35.1-win32-x64\jre\17.0.12-win32-x86_64\bin\java.dll
Event: 0.172 Loaded shared library c:\Users\Ruan\.vscode\extensions\redhat.java-1.35.1-win32-x64\jre\17.0.12-win32-x86_64\bin\zip.dll
Event: 0.175 Loaded shared library C:\Users\Ruan\.vscode\extensions\redhat.java-1.35.1-win32-x64\jre\17.0.12-win32-x86_64\bin\instrument.dll
Event: 0.190 Loaded shared library C:\Users\Ruan\.vscode\extensions\redhat.java-1.35.1-win32-x64\jre\17.0.12-win32-x86_64\bin\net.dll
Event: 0.193 Loaded shared library C:\Users\Ruan\.vscode\extensions\redhat.java-1.35.1-win32-x64\jre\17.0.12-win32-x86_64\bin\nio.dll
Event: 0.206 Loaded shared library C:\Users\Ruan\.vscode\extensions\redhat.java-1.35.1-win32-x64\jre\17.0.12-win32-x86_64\bin\zip.dll
Event: 0.221 Loaded shared library C:\Users\Ruan\.vscode\extensions\redhat.java-1.35.1-win32-x64\jre\17.0.12-win32-x86_64\bin\jimage.dll
Event: 0.281 Loaded shared library c:\Users\Ruan\.vscode\extensions\redhat.java-1.35.1-win32-x64\jre\17.0.12-win32-x86_64\bin\verify.dll

Deoptimization events (20 events):
Event: 0.488 Thread 0x000001be92bbfa30 DEOPT PACKING pc=0x000001be95920200 sp=0x00000041830fd770
Event: 0.488 Thread 0x000001be92bbfa30 DEOPT UNPACKING pc=0x000001be9cde6e43 sp=0x00000041830fcbc8 mode 0
Event: 0.488 Thread 0x000001be92bbfa30 DEOPT PACKING pc=0x000001be95920200 sp=0x00000041830fd6e0
Event: 0.488 Thread 0x000001be92bbfa30 DEOPT UNPACKING pc=0x000001be9cde6e43 sp=0x00000041830fcb38 mode 0
Event: 0.489 Thread 0x000001be92bbfa30 DEOPT PACKING pc=0x000001be95920200 sp=0x00000041830fd770
Event: 0.489 Thread 0x000001be92bbfa30 DEOPT UNPACKING pc=0x000001be9cde6e43 sp=0x00000041830fcbc8 mode 0
Event: 0.489 Thread 0x000001be92bbfa30 DEOPT PACKING pc=0x000001be95920200 sp=0x00000041830fd770
Event: 0.489 Thread 0x000001be92bbfa30 DEOPT UNPACKING pc=0x000001be9cde6e43 sp=0x00000041830fcbc8 mode 0
Event: 0.490 Thread 0x000001be92bbfa30 DEOPT PACKING pc=0x000001be95920200 sp=0x00000041830fd760
Event: 0.490 Thread 0x000001be92bbfa30 DEOPT UNPACKING pc=0x000001be9cde6e43 sp=0x00000041830fcbb8 mode 0
Event: 0.490 Thread 0x000001be92bbfa30 DEOPT PACKING pc=0x000001be95920200 sp=0x00000041830fd760
Event: 0.490 Thread 0x000001be92bbfa30 DEOPT UNPACKING pc=0x000001be9cde6e43 sp=0x00000041830fcbb8 mode 0
Event: 0.490 Thread 0x000001be92bbfa30 DEOPT PACKING pc=0x000001be95920200 sp=0x00000041830fd880
Event: 0.490 Thread 0x000001be92bbfa30 DEOPT UNPACKING pc=0x000001be9cde6e43 sp=0x00000041830fccd8 mode 0
Event: 0.490 Thread 0x000001be92bbfa30 DEOPT PACKING pc=0x000001be95920200 sp=0x00000041830fd880
Event: 0.490 Thread 0x000001be92bbfa30 DEOPT UNPACKING pc=0x000001be9cde6e43 sp=0x00000041830fccd8 mode 0
Event: 0.495 Thread 0x000001be92bbfa30 Uncommon trap: trap_request=0xffffff6e fr.pc=0x000001be9d361cec relative=0x00000000000001ec
Event: 0.495 Thread 0x000001be92bbfa30 Uncommon trap: reason=loop_limit_check action=maybe_recompile pc=0x000001be9d361cec method=java.math.BigInteger.implMulAdd([I[IIII)I @ 26 c2
Event: 0.495 Thread 0x000001be92bbfa30 DEOPT PACKING pc=0x000001be9d361cec sp=0x00000041830fd950
Event: 0.495 Thread 0x000001be92bbfa30 DEOPT UNPACKING pc=0x000001be9cde66a3 sp=0x00000041830fd8a0 mode 2

Classes loaded (20 events):
Event: 0.524 Loading class java/util/ServiceLoader$ModuleServicesLookupIterator
Event: 0.524 Loading class java/util/ServiceLoader$ModuleServicesLookupIterator done
Event: 0.524 Loading class java/util/Spliterators$ArraySpliterator
Event: 0.524 Loading class java/util/Spliterators$ArraySpliterator done
Event: 0.524 Loading class java/util/Spliterators$1Adapter
Event: 0.524 Loading class java/util/Spliterators$1Adapter done
Event: 0.524 Loading class java/util/ServiceLoader$LazyClassPathLookupIterator
Event: 0.525 Loading class java/util/ServiceLoader$LazyClassPathLookupIterator done
Event: 0.525 Loading class java/util/ServiceLoader$2
Event: 0.525 Loading class java/util/ServiceLoader$2 done
Event: 0.525 Loading class java/util/ServiceLoader$3
Event: 0.525 Loading class java/util/ServiceLoader$3 done
Event: 0.525 Loading class java/util/Collections$EmptyEnumeration
Event: 0.525 Loading class java/util/Collections$EmptyEnumeration done
Event: 0.525 Loading class jdk/internal/loader/BuiltinClassLoader$1
Event: 0.525 Loading class jdk/internal/loader/BuiltinClassLoader$1 done
Event: 0.525 Loading class java/lang/CompoundEnumeration
Event: 0.526 Loading class java/lang/CompoundEnumeration done
Event: 0.526 Loading class jdk/internal/loader/URLClassPath$1
Event: 0.526 Loading class jdk/internal/loader/URLClassPath$1 done

Classes unloaded (0 events):
No events

Classes redefined (0 events):
No events

Internal exceptions (3 events):
Event: 0.151 Thread 0x000001be92bbfa30 Exception <a 'java/lang/NoSuchMethodError'{0x00000000eacb4fb8}: 'void java.lang.invoke.DirectMethodHandle$Holder.invokeStatic(java.lang.Object, java.lang.Object, java.lang.Object)'> (0x00000000eacb4fb8) 
thrown [s\src\hotspot\share\interpreter\linkResolver.cpp, line 759]
Event: 0.307 Thread 0x000001be92bbfa30 Exception <a 'java/lang/reflect/InvocationTargetException'{0x00000000eafe91b8}> (0x00000000eafe91b8) 
thrown [s\src\hotspot\share\runtime\reflection.cpp, line 1128]
Event: 0.526 Thread 0x000001be92bbfa30 Exception <a 'java/lang/ClassNotFoundException'{0x00000000eb87e7e8}: sun/net/www/protocol/c/Handler> (0x00000000eb87e7e8) 
thrown [s\src\hotspot\share\classfile\systemDictionary.cpp, line 256]

VM Operations (8 events):
Event: 0.155 Executing VM operation: HandshakeAllThreads
Event: 0.155 Executing VM operation: HandshakeAllThreads done
Event: 0.243 Executing VM operation: HandshakeAllThreads
Event: 0.243 Executing VM operation: HandshakeAllThreads done
Event: 0.504 Executing VM operation: HandshakeAllThreads
Event: 0.504 Executing VM operation: HandshakeAllThreads done
Event: 0.518 Executing VM operation: HandshakeAllThreads
Event: 0.518 Executing VM operation: HandshakeAllThreads done

Events (14 events):
Event: 0.031 Thread 0x000001be92bbfa30 Thread added: 0x000001be92bbfa30
Event: 0.051 Thread 0x000001bea6a5c310 Thread added: 0x000001bea6a5c310
Event: 0.051 Thread 0x000001bea6a5dbb0 Thread added: 0x000001bea6a5dbb0
Event: 0.069 Thread 0x000001be92c781b0 Thread added: 0x000001be92c781b0
Event: 0.069 Thread 0x000001be92c78f40 Thread added: 0x000001be92c78f40
Event: 0.069 Thread 0x000001be92c7a560 Thread added: 0x000001be92c7a560
Event: 0.069 Thread 0x000001be92c7df40 Thread added: 0x000001be92c7df40
Event: 0.069 Thread 0x000001beabd58010 Thread added: 0x000001beabd58010
Event: 0.070 Thread 0x000001beabd66940 Thread added: 0x000001beabd66940
Event: 0.070 Thread 0x000001beabd719f0 Thread added: 0x000001beabd719f0
Event: 0.135 Thread 0x000001beabea9030 Thread added: 0x000001beabea9030
Event: 0.383 Thread 0x000001beac058460 Thread added: 0x000001beac058460
Event: 0.405 Thread 0x000001bead45fa20 Thread added: 0x000001bead45fa20
Event: 0.515 Thread 0x000001bead4773a0 Thread added: 0x000001bead4773a0


Dynamic libraries:
0x00007ff6c1320000 - 0x00007ff6c132e000 	c:\Users\Ruan\.vscode\extensions\redhat.java-1.35.1-win32-x64\jre\17.0.12-win32-x86_64\bin\java.exe
0x00007ffc78490000 - 0x00007ffc78688000 	C:\Windows\SYSTEM32\ntdll.dll
0x00007ffc76cd0000 - 0x00007ffc76d92000 	C:\Windows\System32\KERNEL32.DLL
0x00007ffc76110000 - 0x00007ffc7640e000 	C:\Windows\System32\KERNELBASE.dll
0x00007ffc76010000 - 0x00007ffc76110000 	C:\Windows\System32\ucrtbase.dll
0x00007ffc61c70000 - 0x00007ffc61c87000 	c:\Users\Ruan\.vscode\extensions\redhat.java-1.35.1-win32-x64\jre\17.0.12-win32-x86_64\bin\jli.dll
0x00007ffc77a50000 - 0x00007ffc77bed000 	C:\Windows\System32\USER32.dll
0x00007ffc75d60000 - 0x00007ffc75d82000 	C:\Windows\System32\win32u.dll
0x00007ffc768d0000 - 0x00007ffc768fb000 	C:\Windows\System32\GDI32.dll
0x00007ffc61990000 - 0x00007ffc619ab000 	c:\Users\Ruan\.vscode\extensions\redhat.java-1.35.1-win32-x64\jre\17.0.12-win32-x86_64\bin\VCRUNTIME140.dll
0x00007ffc75d90000 - 0x00007ffc75ea7000 	C:\Windows\System32\gdi32full.dll
0x00007ffc76410000 - 0x00007ffc764ad000 	C:\Windows\System32\msvcp_win.dll
0x00007ffc4c8c0000 - 0x00007ffc4cb5a000 	C:\Windows\WinSxS\amd64_microsoft.windows.common-controls_6595b64144ccf1df_6.0.19041.4355_none_60b8b9eb71f62e16\COMCTL32.dll
0x00007ffc77bf0000 - 0x00007ffc77c8e000 	C:\Windows\System32\msvcrt.dll
0x00007ffc766c0000 - 0x00007ffc766ef000 	C:\Windows\System32\IMM32.DLL
0x00007ffc582c0000 - 0x00007ffc582cc000 	c:\Users\Ruan\.vscode\extensions\redhat.java-1.35.1-win32-x64\jre\17.0.12-win32-x86_64\bin\vcruntime140_1.dll
0x00007ffc1b6d0000 - 0x00007ffc1b75d000 	c:\Users\Ruan\.vscode\extensions\redhat.java-1.35.1-win32-x64\jre\17.0.12-win32-x86_64\bin\msvcp140.dll
0x00007ffbd3ac0000 - 0x00007ffbd472a000 	c:\Users\Ruan\.vscode\extensions\redhat.java-1.35.1-win32-x64\jre\17.0.12-win32-x86_64\bin\server\jvm.dll
0x00007ffc766f0000 - 0x00007ffc767a2000 	C:\Windows\System32\ADVAPI32.dll
0x00007ffc78320000 - 0x00007ffc783c0000 	C:\Windows\System32\sechost.dll
0x00007ffc76e40000 - 0x00007ffc76f63000 	C:\Windows\System32\RPCRT4.dll
0x00007ffc75b30000 - 0x00007ffc75b57000 	C:\Windows\System32\bcrypt.dll
0x00007ffc76c60000 - 0x00007ffc76ccb000 	C:\Windows\System32\WS2_32.dll
0x00007ffc75070000 - 0x00007ffc750bb000 	C:\Windows\SYSTEM32\POWRPROF.dll
0x00007ffc6cd20000 - 0x00007ffc6cd47000 	C:\Windows\SYSTEM32\WINMM.dll
0x00007ffc6ec60000 - 0x00007ffc6ec6a000 	C:\Windows\SYSTEM32\VERSION.dll
0x00007ffc74ef0000 - 0x00007ffc74f02000 	C:\Windows\SYSTEM32\UMPDC.dll
0x00007ffc738b0000 - 0x00007ffc738c2000 	C:\Windows\SYSTEM32\kernel.appcore.dll
0x00007ffc57990000 - 0x00007ffc5799a000 	c:\Users\Ruan\.vscode\extensions\redhat.java-1.35.1-win32-x64\jre\17.0.12-win32-x86_64\bin\jimage.dll
0x00007ffc6c350000 - 0x00007ffc6c534000 	C:\Windows\SYSTEM32\DBGHELP.DLL
0x00007ffc6c310000 - 0x00007ffc6c344000 	C:\Windows\SYSTEM32\dbgcore.DLL
0x00007ffc75c60000 - 0x00007ffc75ce2000 	C:\Windows\System32\bcryptPrimitives.dll
0x00007ffc57980000 - 0x00007ffc5798e000 	c:\Users\Ruan\.vscode\extensions\redhat.java-1.35.1-win32-x64\jre\17.0.12-win32-x86_64\bin\instrument.dll
0x00007ffc3cb80000 - 0x00007ffc3cba5000 	c:\Users\Ruan\.vscode\extensions\redhat.java-1.35.1-win32-x64\jre\17.0.12-win32-x86_64\bin\java.dll
0x00007ffc53fb0000 - 0x00007ffc53fc8000 	c:\Users\Ruan\.vscode\extensions\redhat.java-1.35.1-win32-x64\jre\17.0.12-win32-x86_64\bin\zip.dll
0x00007ffc772e0000 - 0x00007ffc77a4f000 	C:\Windows\System32\SHELL32.dll
0x00007ffc73b90000 - 0x00007ffc74334000 	C:\Windows\SYSTEM32\windows.storage.dll
0x00007ffc76f80000 - 0x00007ffc772d3000 	C:\Windows\System32\combase.dll
0x00007ffc75480000 - 0x00007ffc754ae000 	C:\Windows\SYSTEM32\Wldp.dll
0x00007ffc76900000 - 0x00007ffc769cd000 	C:\Windows\System32\OLEAUT32.dll
0x00007ffc78210000 - 0x00007ffc782bd000 	C:\Windows\System32\SHCORE.dll
0x00007ffc764b0000 - 0x00007ffc76505000 	C:\Windows\System32\shlwapi.dll
0x00007ffc75a60000 - 0x00007ffc75a84000 	C:\Windows\SYSTEM32\profapi.dll
0x00007ffc53e10000 - 0x00007ffc53e29000 	C:\Users\Ruan\.vscode\extensions\redhat.java-1.35.1-win32-x64\jre\17.0.12-win32-x86_64\bin\net.dll
0x00007ffc70320000 - 0x00007ffc7042d000 	C:\Windows\SYSTEM32\WINHTTP.dll
0x00007ffc75260000 - 0x00007ffc752ca000 	C:\Windows\system32\mswsock.dll
0x00007ffc53040000 - 0x00007ffc53056000 	C:\Users\Ruan\.vscode\extensions\redhat.java-1.35.1-win32-x64\jre\17.0.12-win32-x86_64\bin\nio.dll
0x00007ffc57910000 - 0x00007ffc57920000 	c:\Users\Ruan\.vscode\extensions\redhat.java-1.35.1-win32-x64\jre\17.0.12-win32-x86_64\bin\verify.dll

dbghelp: loaded successfully - version: 4.0.5 - missing functions: none
symbol engine: initialized successfully - sym options: 0x614 - pdb path: .;c:\Users\Ruan\.vscode\extensions\redhat.java-1.35.1-win32-x64\jre\17.0.12-win32-x86_64\bin;C:\Windows\SYSTEM32;C:\Windows\WinSxS\amd64_microsoft.windows.common-controls_6595b64144ccf1df_6.0.19041.4355_none_60b8b9eb71f62e16;c:\Users\Ruan\.vscode\extensions\redhat.java-1.35.1-win32-x64\jre\17.0.12-win32-x86_64\bin\server

VM Arguments:
jvm_args: --add-modules=ALL-SYSTEM --add-opens=java.base/java.util=ALL-UNNAMED --add-opens=java.base/java.lang=ALL-UNNAMED --add-opens=java.base/sun.nio.fs=ALL-UNNAMED -Declipse.application=org.eclipse.jdt.ls.core.id1 -Dosgi.bundles.defaultStartLevel=4 -Declipse.product=org.eclipse.jdt.ls.core.product -Djava.import.generatesMetadataFilesAtProjectRoot=false -DDetectVMInstallationsJob.disabled=true -Dfile.encoding=utf8 -XX:+UseParallelGC -XX:GCTimeRatio=4 -XX:AdaptiveSizePolicyWeight=90 -Dsun.zip.disableMemoryMapping=true -Xmx1G -Xms100m -Xlog:disable -javaagent:c:\Users\Ruan\.vscode\extensions\redhat.java-1.35.1-win32-x64\lombok\lombok-1.18.33.jar -XX:+HeapDumpOnOutOfMemoryError -XX:HeapDumpPath=c:\Users\Ruan\AppData\Roaming\Code\User\workspaceStorage\ac59a2a6054e270194aa41253e676aeb\redhat.java -Daether.dependencyCollector.impl=bf 
java_command: c:\Users\Ruan\.vscode\extensions\redhat.java-1.35.1-win32-x64\server\plugins\org.eclipse.equinox.launcher_1.6.900.v20240613-2009.jar -configuration c:\Users\Ruan\AppData\Roaming\Code\User\globalStorage\redhat.java\1.35.1\config_win -data c:\Users\Ruan\AppData\Roaming\Code\User\workspaceStorage\ac59a2a6054e270194aa41253e676aeb\redhat.java\jdt_ws --pipe=\\.\pipe\lsp-3824fdd7cd4ea13ecd705f6406f0d220-sock
java_class_path (initial): c:\Users\Ruan\.vscode\extensions\redhat.java-1.35.1-win32-x64\server\plugins\org.eclipse.equinox.launcher_1.6.900.v20240613-2009.jar
Launcher Type: SUN_STANDARD

[Global flags]
    uintx AdaptiveSizePolicyWeight                 = 90                                        {product} {command line}
     intx CICompilerCount                          = 4                                         {product} {ergonomic}
    uintx GCTimeRatio                              = 4                                         {product} {command line}
     bool HeapDumpOnOutOfMemoryError               = true                                   {manageable} {command line}
    ccstr HeapDumpPath                             = c:\Users\Ruan\AppData\Roaming\Code\User\workspaceStorage\ac59a2a6054e270194aa41253e676aeb\redhat.java         {manageable} {command line}
   size_t InitialHeapSize                          = 104857600                                 {product} {command line}
   size_t MaxHeapSize                              = 1073741824                                {product} {command line}
   size_t MaxNewSize                               = 357564416                                 {product} {ergonomic}
   size_t MinHeapDeltaBytes                        = 524288                                    {product} {ergonomic}
   size_t MinHeapSize                              = 104857600                                 {product} {command line}
   size_t NewSize                                  = 34603008                                  {product} {ergonomic}
    uintx NonNMethodCodeHeapSize                   = 5839372                                {pd product} {ergonomic}
    uintx NonProfiledCodeHeapSize                  = 122909434                              {pd product} {ergonomic}
   size_t OldSize                                  = 70254592                                  {product} {ergonomic}
    uintx ProfiledCodeHeapSize                     = 122909434                              {pd product} {ergonomic}
    uintx ReservedCodeCacheSize                    = 251658240                              {pd product} {ergonomic}
     bool SegmentedCodeCache                       = true                                      {product} {ergonomic}
   size_t SoftMaxHeapSize                          = 1073741824                             {manageable} {ergonomic}
     bool UseCompressedClassPointers               = true                           {product lp64_product} {ergonomic}
     bool UseCompressedOops                        = true                           {product lp64_product} {ergonomic}
     bool UseLargePagesIndividualAllocation        = false                                  {pd product} {ergonomic}
     bool UseParallelGC                            = true                                      {product} {command line}

Logging:
Log output configuration:
 #0: stdout all=off uptime,level,tags
 #1: stderr all=off uptime,level,tags

Environment Variables:
PATH=C:\Users\Ruan\bin;C:\Program Files\Git\mingw64\bin;C:\Program Files\Git\usr\local\bin;C:\Program Files\Git\usr\bin;C:\Program Files\Git\usr\bin;C:\Program Files\Git\mingw64\bin;C:\Program Files\Git\usr\bin;C:\Users\Ruan\bin;C:\Program Files\Common Files\Oracle\Java\javapath;C:\Windows\system32;C:\Windows;C:\Windows\System32\Wbem;C:\Windows\System32\WindowsPowerShell\v1.0;C:\Windows\System32\OpenSSH;C:\Program Files (x86)\NVIDIA Corporation\PhysX\Common;C:\Program Files\NVIDIA Corporation\NVIDIA App\NvDLISR;C:\Program Files\Git\cmd;C:\Program Files\nodejs;C:\Program Files\MySQL\MySQL Shell 8.0\bin;C:\Users\Ruan\AppData\Local\Microsoft\WindowsApps;C:\Users\Ruan\AppData\Local\Programs\Microsoft VS Code\bin;C:\Users\Ruan\AppData\Roaming\npm;C:\Program Files\OpenSSL-Win64\bin;C:\Program Files\MySQL\MySQL Server 8.0\bin;E:\apache-maven-3.9.9-bin\apache-maven-3.9.9\bin;C:\Program Files\Git\usr\bin\vendor_perl;C:\Program Files\Git\usr\bin\core_perl
USERNAME=Ruan
SHELL=C:\Program Files\Git\usr\bin\bash.exe
DISPLAY=needs-to-be-defined
LC_CTYPE=pt_BR.UTF-8
TERM=xterm
TMPDIR=C:\Users\Ruan\AppData\Local\Temp
OS=Windows_NT
PROCESSOR_IDENTIFIER=AMD64 Family 25 Model 80 Stepping 0, AuthenticAMD
TMP=C:\Users\Ruan\AppData\Local\Temp
TEMP=C:\Users\Ruan\AppData\Local\Temp



Periodic native trim disabled


---------------  S Y S T E M  ---------------

OS:
 Windows 10 , 64 bit Build 19041 (10.0.19041.4957)
OS uptime: 9 days 21:34 hours
Hyper-V role detected

CPU: total 12 (initial active 12) (12 cores per cpu, 2 threads per core) family 25 model 80 stepping 0 microcode 0x0, cx8, cmov, fxsr, ht, mmx, 3dnowpref, sse, sse2, sse3, ssse3, sse4a, sse4.1, sse4.2, popcnt, lzcnt, tsc, tscinvbit, avx, avx2, aes, erms, clmul, bmi1, bmi2, adx, sha, fma, vzeroupper, clflush, clflushopt, hv
Processor Information for all 12 processors :
  Max Mhz: 3901, Current Mhz: 3901, Mhz Limit: 3901

Memory: 4k page, system-wide physical 20347M (7212M free)
TotalPageFile size 48964M (AvailPageFile size 6M)
current process WorkingSet (physical memory assigned to process): 59M, peak: 59M
current process commit charge ("private bytes"): 204M, peak: 204M

vm_info: OpenJDK 64-Bit Server VM (17.0.12+7) for windows-amd64 JRE (17.0.12+7), built on Jul 16 2024 22:08:24 by "admin" with MS VC++ 16.10 / 16.11 (VS2019)

END.
